<?xml version="1.0" encoding="UTF-8"?>
<!-- Generated by org.testng.reporters.JUnitReportReporter -->
<testsuite skipped="0" hostname="DESKTOP-01AHNCJ" name="com.sgtesting.actitime.driverscript.DriverScript" tests="1" failures="0" timestamp="2022-05-08T13:30:54 IST" time="33.592" errors="0">
  <testcase name="feature" time="33.592" classname="com.sgtesting.actitime.driverscript.DriverScript"/>
  <system-out/>
</testsuite> <!-- com.sgtesting.actitime.driverscript.DriverScript -->
