<?xml version="1.0" encoding="UTF-8"?>
<!-- Generated by org.testng.reporters.JUnitReportReporter -->
<testsuite hostname="DESKTOP-01AHNCJ" failures="0" tests="9" name="com.sgtesting.scenerios.Scenerio5" time="66.758" errors="0" timestamp="2022-04-25T11:00:14 IST" skipped="0">
  <testcase classname="com.sgtesting.scenerios.Scenerio5" name="LaunchBrowser" time="19.071"/>
  <system-out/>
  <testcase classname="com.sgtesting.scenerios.Scenerio5" name="navigate" time="5.986"/>
  <system-out/>
  <testcase classname="com.sgtesting.scenerios.Scenerio5" name="Login" time="9.405"/>
  <system-out/>
  <testcase classname="com.sgtesting.scenerios.Scenerio5" name="CreateCustomer" time="11.985"/>
  <system-out/>
  <testcase classname="com.sgtesting.scenerios.Scenerio5" name="CreatProject" time="8.434"/>
  <system-out/>
  <testcase classname="com.sgtesting.scenerios.Scenerio5" name="DeleteProject" time="4.060"/>
  <system-out/>
  <testcase classname="com.sgtesting.scenerios.Scenerio5" name="DeleteCustomer" time="5.467"/>
  <system-out/>
  <testcase classname="com.sgtesting.scenerios.Scenerio5" name="Logout" time="1.593"/>
  <system-out/>
  <testcase classname="com.sgtesting.scenerios.Scenerio5" name="CloseApplication" time="0.757"/>
  <system-out/>
</testsuite> <!-- com.sgtesting.scenerios.Scenerio5 -->
