<?xml version="1.0" encoding="UTF-8"?>
<!-- Generated by org.testng.reporters.JUnitReportReporter -->
<testsuite hostname="DESKTOP-01AHNCJ" failures="0" tests="8" name="com.sgtesting.scenerios.Scenerio4" time="61.739" errors="0" timestamp="2022-04-25T10:57:20 IST" skipped="0">
  <testcase classname="com.sgtesting.scenerios.Scenerio4" name="LaunchBrowser" time="8.274"/>
  <system-out/>
  <testcase classname="com.sgtesting.scenerios.Scenerio4" name="navigate" time="10.600"/>
  <system-out/>
  <testcase classname="com.sgtesting.scenerios.Scenerio4" name="Login" time="16.127"/>
  <system-out/>
  <testcase classname="com.sgtesting.scenerios.Scenerio4" name="CreateCustomer" time="11.595"/>
  <system-out/>
  <testcase classname="com.sgtesting.scenerios.Scenerio4" name="ModifyCustomer" time="6.468"/>
  <system-out/>
  <testcase classname="com.sgtesting.scenerios.Scenerio4" name="DeleteCustomer" time="6.225"/>
  <system-out/>
  <testcase classname="com.sgtesting.scenerios.Scenerio4" name="Logout" time="1.256"/>
  <system-out/>
  <testcase classname="com.sgtesting.scenerios.Scenerio4" name="CloseApplication" time="1.194"/>
  <system-out/>
</testsuite> <!-- com.sgtesting.scenerios.Scenerio4 -->
