<?xml version="1.0" encoding="UTF-8"?>
<!-- Generated by org.testng.reporters.JUnitReportReporter -->
<testsuite hostname="DESKTOP-01AHNCJ" failures="0" tests="10" name="com.sgtesting.scenerios.Scenerio6" time="66.087" errors="0" timestamp="2022-04-25T11:03:18 IST" skipped="0">
  <testcase classname="com.sgtesting.scenerios.Scenerio6" name="LaunchBrowser" time="9.720"/>
  <system-out/>
  <testcase classname="com.sgtesting.scenerios.Scenerio6" name="navigate" time="5.014"/>
  <system-out/>
  <testcase classname="com.sgtesting.scenerios.Scenerio6" name="Login" time="15.778"/>
  <system-out/>
  <testcase classname="com.sgtesting.scenerios.Scenerio6" name="CreateCustomer" time="11.900"/>
  <system-out/>
  <testcase classname="com.sgtesting.scenerios.Scenerio6" name="CreatProject" time="8.439"/>
  <system-out/>
  <testcase classname="com.sgtesting.scenerios.Scenerio6" name="ModifyProject" time="4.543"/>
  <system-out/>
  <testcase classname="com.sgtesting.scenerios.Scenerio6" name="DeleteProject" time="3.447"/>
  <system-out/>
  <testcase classname="com.sgtesting.scenerios.Scenerio6" name="DeleteCustomer" time="5.507"/>
  <system-out/>
  <testcase classname="com.sgtesting.scenerios.Scenerio6" name="Logout" time="0.902"/>
  <system-out/>
  <testcase classname="com.sgtesting.scenerios.Scenerio6" name="CloseApplication" time="0.837"/>
  <system-out/>
</testsuite> <!-- com.sgtesting.scenerios.Scenerio6 -->
