<?xml version="1.0" encoding="UTF-8"?>
<!-- Generated by org.testng.reporters.JUnitReportReporter -->
<testsuite hostname="DESKTOP-01AHNCJ" failures="0" tests="7" name="com.sgtesting.scenerios.Scenerio1" time="69.948" errors="0" timestamp="2022-05-06T11:22:00 IST" skipped="0">
  <testcase classname="com.sgtesting.scenerios.Scenerio1" name="LaunchBrowser" time="13.771"/>
  <system-out/>
  <testcase classname="com.sgtesting.scenerios.Scenerio1" name="navigate" time="44.261"/>
  <system-out/>
  <testcase classname="com.sgtesting.scenerios.Scenerio1" name="Login" time="10.254"/>
  <system-out/>
  <testcase classname="com.sgtesting.scenerios.Scenerio1" name="CreateUser" time="0.070"/>
  <system-out/>
  <testcase classname="com.sgtesting.scenerios.Scenerio1" name="DeleteUser" time="0.056"/>
  <system-out/>
  <testcase classname="com.sgtesting.scenerios.Scenerio1" name="Logout" time="0.047"/>
  <system-out/>
  <testcase classname="com.sgtesting.scenerios.Scenerio1" name="CloseApplication" time="1.489"/>
  <system-out/>
</testsuite> <!-- com.sgtesting.scenerios.Scenerio1 -->
