<?xml version="1.0" encoding="UTF-8"?>
<!-- Generated by org.testng.reporters.JUnitReportReporter -->
<testsuite hostname="DESKTOP-01AHNCJ" failures="0" tests="11" name="com.sgtesting.scenerios.Scenerio7" time="52.778" errors="0" timestamp="2022-04-25T11:07:02 IST" skipped="0">
  <testcase classname="com.sgtesting.scenerios.Scenerio7" name="LaunchBrowser" time="9.051"/>
  <system-out/>
  <testcase classname="com.sgtesting.scenerios.Scenerio7" name="navigate" time="7.224"/>
  <system-out/>
  <testcase classname="com.sgtesting.scenerios.Scenerio7" name="Login" time="7.315"/>
  <system-out/>
  <testcase classname="com.sgtesting.scenerios.Scenerio7" name="CreateCustomer" time="13.549"/>
  <system-out/>
  <testcase classname="com.sgtesting.scenerios.Scenerio7" name="CreatProject" time="8.674"/>
  <system-out/>
  <testcase classname="com.sgtesting.scenerios.Scenerio7" name="CreateTask" time="2.633"/>
  <system-out/>
  <testcase classname="com.sgtesting.scenerios.Scenerio7" name="DeleteTask" time="0.075"/>
  <system-out/>
  <testcase classname="com.sgtesting.scenerios.Scenerio7" name="DeleteProject" time="1.175"/>
  <system-out/>
  <testcase classname="com.sgtesting.scenerios.Scenerio7" name="DeleteCustomer" time="1.127"/>
  <system-out/>
  <testcase classname="com.sgtesting.scenerios.Scenerio7" name="Logout" time="1.174"/>
  <system-out/>
  <testcase classname="com.sgtesting.scenerios.Scenerio7" name="CloseApplication" time="0.781"/>
  <system-out/>
</testsuite> <!-- com.sgtesting.scenerios.Scenerio7 -->
