<?xml version="1.0" encoding="UTF-8"?>
<!-- Generated by org.testng.reporters.JUnitReportReporter -->
<testsuite hostname="DESKTOP-01AHNCJ" failures="0" tests="8" name="com.sgtesting.scenerios.Scenerio2" time="68.938" errors="0" timestamp="2022-04-25T10:49:13 IST" skipped="0">
  <testcase classname="com.sgtesting.scenerios.Scenerio2" name="LaunchBrowser" time="10.116"/>
  <system-out/>
  <testcase classname="com.sgtesting.scenerios.Scenerio2" name="navigate" time="9.496"/>
  <system-out/>
  <testcase classname="com.sgtesting.scenerios.Scenerio2" name="Login" time="9.947"/>
  <system-out/>
  <testcase classname="com.sgtesting.scenerios.Scenerio2" name="CreateUser" time="25.424"/>
  <system-out/>
  <testcase classname="com.sgtesting.scenerios.Scenerio2" name="ModifyUser" time="6.208"/>
  <system-out/>
  <testcase classname="com.sgtesting.scenerios.Scenerio2" name="DeleteUser" time="4.824"/>
  <system-out/>
  <testcase classname="com.sgtesting.scenerios.Scenerio2" name="Logout" time="1.700"/>
  <system-out/>
  <testcase classname="com.sgtesting.scenerios.Scenerio2" name="CloseApplication" time="1.223"/>
  <system-out/>
</testsuite> <!-- com.sgtesting.scenerios.Scenerio2 -->
