<?xml version="1.0" encoding="UTF-8"?>
<!-- Generated by org.testng.reporters.JUnitReportReporter -->
<testsuite hostname="DESKTOP-01AHNCJ" failures="0" tests="7" name="com.sgtesting.scenerios.Scenerio3" time="60.023" errors="0" timestamp="2022-04-25T10:52:15 IST" skipped="0">
  <testcase classname="com.sgtesting.scenerios.Scenerio3" name="LaunchBrowser" time="8.102"/>
  <system-out/>
  <testcase classname="com.sgtesting.scenerios.Scenerio3" name="navigate" time="10.836"/>
  <system-out/>
  <testcase classname="com.sgtesting.scenerios.Scenerio3" name="Login" time="17.926"/>
  <system-out/>
  <testcase classname="com.sgtesting.scenerios.Scenerio3" name="CreateCustomer" time="16.161"/>
  <system-out/>
  <testcase classname="com.sgtesting.scenerios.Scenerio3" name="DeleteCustomer" time="5.691"/>
  <system-out/>
  <testcase classname="com.sgtesting.scenerios.Scenerio3" name="Logout" time="0.637"/>
  <system-out/>
  <testcase classname="com.sgtesting.scenerios.Scenerio3" name="CloseApplication" time="0.670"/>
  <system-out/>
</testsuite> <!-- com.sgtesting.scenerios.Scenerio3 -->
